Performing C SOURCE FILE Test CMAKE_HAVE_LIBC_PTHREAD failed with the following output:
Change Dir: /home/fbwarren/Desktop/cs184/p3-1-pathtracer-sp21-teamname2/cmake-build-debug/CMakeFiles/CMakeTmp

Run Build Command(s):/usr/bin/gmake cmTC_53620/fast && /usr/bin/gmake  -f CMakeFiles/cmTC_53620.dir/build.make CMakeFiles/cmTC_53620.dir/build
gmake[1]: Entering directory '/home/fbwarren/Desktop/cs184/p3-1-pathtracer-sp21-teamname2/cmake-build-debug/CMakeFiles/CMakeTmp'
Building C object CMakeFiles/cmTC_53620.dir/src.c.o
/usr/bin/cc   -fPIC -DCMAKE_HAVE_LIBC_PTHREAD -mavx2   -o CMakeFiles/cmTC_53620.dir/src.c.o   -c /home/fbwarren/Desktop/cs184/p3-1-pathtracer-sp21-teamname2/cmake-build-debug/CMakeFiles/CMakeTmp/src.c
Linking C executable cmTC_53620
/home/fbwarren/Desktop/clion-2020.3.1/bin/cmake/linux/bin/cmake -E cmake_link_script CMakeFiles/cmTC_53620.dir/link.txt --verbose=1
/usr/bin/cc  -fPIC -DCMAKE_HAVE_LIBC_PTHREAD -mavx2    -rdynamic CMakeFiles/cmTC_53620.dir/src.c.o  -o cmTC_53620 
/usr/bin/ld: CMakeFiles/cmTC_53620.dir/src.c.o: in function `main':
src.c:(.text+0x2f): undefined reference to `pthread_create'
/usr/bin/ld: src.c:(.text+0x3b): undefined reference to `pthread_detach'
/usr/bin/ld: src.c:(.text+0x47): undefined reference to `pthread_cancel'
/usr/bin/ld: src.c:(.text+0x58): undefined reference to `pthread_join'
collect2: error: ld returned 1 exit status
gmake[1]: *** [CMakeFiles/cmTC_53620.dir/build.make:107: cmTC_53620] Error 1
gmake[1]: Leaving directory '/home/fbwarren/Desktop/cs184/p3-1-pathtracer-sp21-teamname2/cmake-build-debug/CMakeFiles/CMakeTmp'
gmake: *** [Makefile:141: cmTC_53620/fast] Error 2


Source file was:
#include <pthread.h>

void* test_func(void* data)
{
  return data;
}

int main(void)
{
  pthread_t thread;
  pthread_create(&thread, NULL, test_func, NULL);
  pthread_detach(thread);
  pthread_cancel(thread);
  pthread_join(thread, NULL);
  pthread_atfork(NULL, NULL, NULL);
  pthread_exit(NULL);

  return 0;
}

Determining if the function pthread_create exists in the pthreads failed with the following output:
Change Dir: /home/fbwarren/Desktop/cs184/p3-1-pathtracer-sp21-teamname2/cmake-build-debug/CMakeFiles/CMakeTmp

Run Build Command(s):/usr/bin/gmake cmTC_d0669/fast && /usr/bin/gmake  -f CMakeFiles/cmTC_d0669.dir/build.make CMakeFiles/cmTC_d0669.dir/build
gmake[1]: Entering directory '/home/fbwarren/Desktop/cs184/p3-1-pathtracer-sp21-teamname2/cmake-build-debug/CMakeFiles/CMakeTmp'
Building C object CMakeFiles/cmTC_d0669.dir/CheckFunctionExists.c.o
/usr/bin/cc   -fPIC -DCHECK_FUNCTION_EXISTS=pthread_create -mavx2   -o CMakeFiles/cmTC_d0669.dir/CheckFunctionExists.c.o   -c /home/fbwarren/Desktop/clion-2020.3.1/bin/cmake/linux/share/cmake-3.17/Modules/CheckFunctionExists.c
Linking C executable cmTC_d0669
/home/fbwarren/Desktop/clion-2020.3.1/bin/cmake/linux/bin/cmake -E cmake_link_script CMakeFiles/cmTC_d0669.dir/link.txt --verbose=1
/usr/bin/cc  -fPIC -DCHECK_FUNCTION_EXISTS=pthread_create -mavx2    -rdynamic CMakeFiles/cmTC_d0669.dir/CheckFunctionExists.c.o  -o cmTC_d0669  -lpthreads 
/usr/bin/ld: cannot find -lpthreads
collect2: error: ld returned 1 exit status
gmake[1]: *** [CMakeFiles/cmTC_d0669.dir/build.make:107: cmTC_d0669] Error 1
gmake[1]: Leaving directory '/home/fbwarren/Desktop/cs184/p3-1-pathtracer-sp21-teamname2/cmake-build-debug/CMakeFiles/CMakeTmp'
gmake: *** [Makefile:141: cmTC_d0669/fast] Error 2



